<?xml version="1.0" encoding="UTF-8"?>
<!-- Generated by org.testng.reporters.JUnitReportReporter -->
<testsuite name="com.accenture.ACSF.AlertsPopupsFrames" tests="1" time="12.172" ignored="0" failures="0" timestamp="15 Jul 2021 05:12:34 GMT" skipped="0" hostname="LAPTOP-8B5VFCJA" errors="0">
  <testcase name="popup" time="12.172" classname="com.accenture.ACSF.AlertsPopupsFrames"/>
</testsuite> <!-- com.accenture.ACSF.AlertsPopupsFrames -->
