<?xml version="1.0" encoding="UTF-8"?>
<!-- Generated by org.testng.reporters.JUnitReportReporter -->
<testsuite name="seleniumSessions.WebdriverBasicsandLocators" tests="1" time="6.108" ignored="0" failures="0" timestamp="21 Sep 2021 07:47:19 GMT" skipped="0" hostname="LAPTOP-8B5VFCJA" errors="0">
  <testcase name="method" time="6.108" classname="seleniumSessions.WebdriverBasicsandLocators"/>
</testsuite> <!-- seleniumSessions.WebdriverBasicsandLocators -->
