<?xml version="1.0" encoding="UTF-8"?>
<!-- Generated by org.testng.reporters.JUnitReportReporter -->
<testsuite name="com.accenture.ACSF.Dummy" tests="1" time="0.014" ignored="0" failures="0" timestamp="14 Sep 2021 09:32:51 GMT" skipped="0" hostname="LAPTOP-8B5VFCJA" errors="0">
  <testcase name="exmaple1" time="0.014" classname="com.accenture.ACSF.Dummy"/>
</testsuite> <!-- com.accenture.ACSF.Dummy -->
