<?xml version="1.0" encoding="UTF-8"?>
<!-- Generated by org.testng.reporters.JUnitReportReporter -->
<testsuite name="com.accenture.ACSF.WebdriverBasics" tests="1" time="5.962" ignored="0" failures="0" timestamp="10 Jul 2021 14:02:25 GMT" skipped="0" hostname="LAPTOP-8B5VFCJA" errors="0">
  <testcase name="method" time="5.962" classname="com.accenture.ACSF.WebdriverBasics"/>
</testsuite> <!-- com.accenture.ACSF.WebdriverBasics -->
