<?xml version="1.0" encoding="UTF-8"?>
<!-- Generated by org.testng.reporters.JUnitReportReporter -->
<testsuite name="seleniumSessions.CalendarDateSelection" tests="1" time="8.318" ignored="0" failures="0" timestamp="04 Oct 2021 05:16:42 GMT" skipped="0" hostname="LAPTOP-8B5VFCJA" errors="0">
  <testcase name="Selectdate" time="8.318" classname="seleniumSessions.CalendarDateSelection"/>
</testsuite> <!-- seleniumSessions.CalendarDateSelection -->
