<?xml version="1.0" encoding="UTF-8"?>
<!-- Generated by org.testng.reporters.JUnitReportReporter -->
<testsuite name="seleniumSessions.NavigateScreenshotAndExpllicitlywait" tests="1" time="13.526" ignored="0" failures="0" timestamp="05 Aug 2021 10:37:30 GMT" skipped="0" hostname="LAPTOP-8B5VFCJA" errors="0">
  <testcase name="moveto" time="13.526" classname="seleniumSessions.NavigateScreenshotAndExpllicitlywait"/>
</testsuite> <!-- seleniumSessions.NavigateScreenshotAndExpllicitlywait -->
