<?xml version="1.0" encoding="UTF-8"?>
<!-- Generated by org.testng.reporters.JUnitReportReporter -->
<testsuite name="seleniumSessions.WebdriverBasicsandLocators2" tests="1" time="6.677" ignored="0" failures="0" timestamp="29 Jul 2021 12:07:37 GMT" skipped="0" hostname="LAPTOP-8B5VFCJA" errors="0">
  <testcase name="method" time="6.677" classname="seleniumSessions.WebdriverBasicsandLocators2"/>
</testsuite> <!-- seleniumSessions.WebdriverBasicsandLocators2 -->
