<?xml version="1.0" encoding="UTF-8"?>
<!-- Generated by org.testng.reporters.JUnitReportReporter -->
<testsuite name="com.accenture.ACSF.ArrayConcept" tests="1" time="0.014" ignored="0" failures="0" timestamp="24 Sep 2021 09:24:11 GMT" skipped="0" hostname="LAPTOP-8B5VFCJA" errors="0">
  <testcase name="execution" time="0.014" classname="com.accenture.ACSF.ArrayConcept"/>
</testsuite> <!-- com.accenture.ACSF.ArrayConcept -->
