<?xml version="1.0" encoding="UTF-8"?>
<!-- Generated by org.testng.reporters.JUnitReportReporter -->
<testsuite name="com.accenture.ACSF.Navigate" tests="1" time="12.382" ignored="0" failures="0" timestamp="14 Jul 2021 03:02:20 GMT" skipped="0" hostname="LAPTOP-8B5VFCJA" errors="0">
  <testcase name="moveto" time="12.382" classname="com.accenture.ACSF.Navigate"/>
</testsuite> <!-- com.accenture.ACSF.Navigate -->
