<?xml version="1.0" encoding="UTF-8"?>
<!-- Generated by org.testng.reporters.JUnitReportReporter -->
<testsuite name="com.accenture.ACSF.AlertsAndPopups" tests="1" time="18.018" ignored="0" failures="0" timestamp="11 Jul 2021 12:39:00 GMT" skipped="0" hostname="LAPTOP-8B5VFCJA" errors="0">
  <testcase name="popup" time="18.018" classname="com.accenture.ACSF.AlertsAndPopups"/>
</testsuite> <!-- com.accenture.ACSF.AlertsAndPopups -->
