<?xml version="1.0" encoding="UTF-8"?>
<!-- Generated by org.testng.reporters.JUnitReportReporter -->
<testsuite name="string.ClassB" tests="1" time="0.020" ignored="0" failures="0" timestamp="29 Jul 2021 18:21:01 GMT" skipped="0" hostname="LAPTOP-8B5VFCJA" errors="0">
  <testcase name="exampleB" time="0.020" classname="string.ClassB"/>
</testsuite> <!-- string.ClassB -->
