<?xml version="1.0" encoding="UTF-8"?>
<!-- Generated by org.testng.reporters.JUnitReportReporter -->
<testsuite name="practice.Epf" tests="1" time="12.486" ignored="0" failures="0" timestamp="06 Aug 2021 12:49:06 GMT" skipped="0" hostname="LAPTOP-8B5VFCJA" errors="0">
  <testcase name="pf" time="12.486" classname="practice.Epf"/>
</testsuite> <!-- practice.Epf -->
