<?xml version="1.0" encoding="UTF-8"?>
<!-- Generated by org.testng.reporters.JUnitReportReporter -->
<testsuite name="seleniumSessions.Framework" tests="1" time="6.792" ignored="0" failures="0" timestamp="25 Jul 2021 14:34:11 GMT" skipped="0" hostname="LAPTOP-8B5VFCJA" errors="0">
  <testcase name="facebook" time="6.792" classname="seleniumSessions.Framework"/>
</testsuite> <!-- seleniumSessions.Framework -->
