<?xml version="1.0" encoding="UTF-8"?>
<!-- Generated by org.testng.reporters.JUnitReportReporter -->
<testsuite name="seleniumSessions.TestngAdvanced" tests="8" time="28.761" ignored="0" failures="0" timestamp="25 Jul 2021 17:37:41 GMT" skipped="0" hostname="LAPTOP-8B5VFCJA" errors="0">
  <testcase name="repeated" time="3.212" classname="seleniumSessions.TestngAdvanced"/>
  <testcase name="sample" time="3.070" classname="seleniumSessions.TestngAdvanced"/>
  <testcase name="signin" time="4.930" classname="seleniumSessions.TestngAdvanced"/>
  <testcase name="login" time="4.236" classname="seleniumSessions.TestngAdvanced"/>
  <testcase name="exception" time="3.015" classname="seleniumSessions.TestngAdvanced"/>
  <testcase name="myaccount" time="2.970" classname="seleniumSessions.TestngAdvanced"/>
  <testcase name="repeated" time="3.409" classname="seleniumSessions.TestngAdvanced"/>
  <testcase name="loginpage" time="3.919" classname="seleniumSessions.TestngAdvanced"/>
</testsuite> <!-- seleniumSessions.TestngAdvanced -->
