<?xml version="1.0" encoding="UTF-8"?>
<!-- Generated by org.testng.reporters.JUnitReportReporter -->
<testsuite name="seleniumSessions.TestngBasics" tests="2" time="13.204" ignored="0" failures="0" timestamp="25 Jul 2021 17:33:16 GMT" skipped="0" hostname="LAPTOP-8B5VFCJA" errors="0">
  <testcase name="signin" time="10.164" classname="seleniumSessions.TestngBasics"/>
  <testcase name="login" time="3.040" classname="seleniumSessions.TestngBasics"/>
</testsuite> <!-- seleniumSessions.TestngBasics -->
