<?xml version="1.0" encoding="UTF-8"?>
<!-- Generated by org.testng.reporters.JUnitReportReporter -->
<testsuite name="seleniumSessions.IsdisplayedIsenabledIsselected" tests="1" time="4.982" ignored="0" failures="0" timestamp="20 Jul 2021 05:23:28 GMT" skipped="0" hostname="LAPTOP-8B5VFCJA" errors="0">
  <testcase name="isdisplayed" time="4.982" classname="seleniumSessions.IsdisplayedIsenabledIsselected"/>
</testsuite> <!-- seleniumSessions.IsdisplayedIsenabledIsselected -->
