<?xml version="1.0" encoding="UTF-8"?>
<!-- Generated by org.testng.reporters.JUnitReportReporter -->
<testsuite name="actions.DragandDrop" tests="1" time="8.009" ignored="0" failures="0" timestamp="29 Jul 2021 05:47:21 GMT" skipped="0" hostname="LAPTOP-8B5VFCJA" errors="0">
  <testcase name="holdandrelease" time="8.009" classname="actions.DragandDrop"/>
</testsuite> <!-- actions.DragandDrop -->
