<?xml version="1.0" encoding="UTF-8"?>
<!-- Generated by org.testng.reporters.JUnitReportReporter -->
<testsuite name="seleniumSessions.Shadowroot" tests="1" time="2.537" ignored="0" failures="0" timestamp="05 Oct 2021 07:40:14 GMT" skipped="0" hostname="LAPTOP-8B5VFCJA" errors="0">
  <testcase name="shadow" time="2.537" classname="seleniumSessions.Shadowroot"/>
</testsuite> <!-- seleniumSessions.Shadowroot -->
