<?xml version="1.0" encoding="UTF-8"?>
<!-- Generated by org.testng.reporters.JUnitReportReporter -->
<testsuite name="com.accenture.ACSF.Programs" tests="1" time="0.011" ignored="0" failures="0" timestamp="25 Sep 2021 04:12:15 GMT" skipped="0" hostname="LAPTOP-8B5VFCJA" errors="0">
  <testcase name="execution" time="0.011" classname="com.accenture.ACSF.Programs"/>
</testsuite> <!-- com.accenture.ACSF.Programs -->
