<?xml version="1.0" encoding="UTF-8"?>
<!-- Generated by org.testng.reporters.JUnitReportReporter -->
<testsuite name="practice.Javascript" tests="1" time="6.802" ignored="0" failures="0" timestamp="06 Aug 2021 09:47:53 GMT" skipped="0" hostname="LAPTOP-8B5VFCJA" errors="0">
  <testcase name="scrolltoend" time="6.802" classname="practice.Javascript"/>
</testsuite> <!-- practice.Javascript -->
