<?xml version="1.0" encoding="UTF-8"?>
<!-- Generated by org.testng.reporters.JUnitReportReporter -->
<testsuite name="com.accenture.ACSF.StringPrograms" tests="1" time="0.016" ignored="0" failures="0" timestamp="24 Sep 2021 11:44:57 GMT" skipped="0" hostname="LAPTOP-8B5VFCJA" errors="0">
  <testcase name="execution" time="0.016" classname="com.accenture.ACSF.StringPrograms"/>
</testsuite> <!-- com.accenture.ACSF.StringPrograms -->
