<?xml version="1.0" encoding="UTF-8"?>
<!-- Generated by org.testng.reporters.JUnitReportReporter -->
<testsuite name="seleniumSessions.Graphandsvg" tests="1" time="47.007" ignored="0" failures="0" timestamp="05 Oct 2021 06:49:46 GMT" skipped="0" hostname="LAPTOP-8B5VFCJA" errors="0">
  <testcase name="svg" time="47.007" classname="seleniumSessions.Graphandsvg"/>
</testsuite> <!-- seleniumSessions.Graphandsvg -->
