<?xml version="1.0" encoding="UTF-8"?>
<!-- Generated by org.testng.reporters.JUnitReportReporter -->
<testsuite name="com.accenture.ACSF.Array" tests="1" time="0.015" ignored="0" failures="0" timestamp="14 Sep 2021 09:13:57 GMT" skipped="0" hostname="LAPTOP-8B5VFCJA" errors="0">
  <testcase name="execution" time="0.015" classname="com.accenture.ACSF.Array"/>
</testsuite> <!-- com.accenture.ACSF.Array -->
