<?xml version="1.0" encoding="UTF-8"?>
<!-- Generated by org.testng.reporters.JUnitReportReporter -->
<testsuite name="com.accenture.ACSF.WebdriverBasicsandLocators" tests="1" time="7.004" ignored="0" failures="0" timestamp="12 Jul 2021 09:58:29 GMT" skipped="0" hostname="LAPTOP-8B5VFCJA" errors="0">
  <testcase name="method" time="7.004" classname="com.accenture.ACSF.WebdriverBasicsandLocators"/>
</testsuite> <!-- com.accenture.ACSF.WebdriverBasicsandLocators -->
