<?xml version="1.0" encoding="UTF-8"?>
<!-- Generated by org.testng.reporters.JUnitReportReporter -->
<testsuite name="com.accenture.ACSF.Sample" tests="1" time="6.082" ignored="0" failures="0" timestamp="10 Jul 2021 10:54:51 GMT" skipped="0" hostname="LAPTOP-8B5VFCJA" errors="0">
  <testcase name="setup" time="6.082" classname="com.accenture.ACSF.Sample"/>
</testsuite> <!-- com.accenture.ACSF.Sample -->
