<?xml version="1.0" encoding="UTF-8"?>
<!-- Generated by org.testng.reporters.JUnitReportReporter -->
<testsuite name="practice.ScreenshotHighlightExplicitwait" tests="1" time="15.549" ignored="0" failures="0" timestamp="05 Aug 2021 13:10:23 GMT" skipped="0" hostname="LAPTOP-8B5VFCJA" errors="0">
  <testcase name="setup" time="15.549" classname="practice.ScreenshotHighlightExplicitwait"/>
</testsuite> <!-- practice.ScreenshotHighlightExplicitwait -->
