<?xml version="1.0" encoding="UTF-8"?>
<!-- Generated by org.testng.reporters.JUnitReportReporter -->
<testsuite name="sample.Makemy" tests="1" time="7.357" ignored="0" failures="0" timestamp="20 Oct 2021 09:44:42 GMT" skipped="0" hostname="LAPTOP-8B5VFCJA" errors="0">
  <testcase name="flipkart" time="7.357" classname="sample.Makemy"/>
</testsuite> <!-- sample.Makemy -->
