<?xml version="1.0" encoding="UTF-8"?>
<!-- Generated by org.testng.reporters.JUnitReportReporter -->
<testsuite name="seleniumSessions.HeadlessBrowser" tests="1" time="3.503" ignored="0" failures="0" timestamp="24 Jul 2021 06:02:23 GMT" skipped="0" hostname="LAPTOP-8B5VFCJA" errors="0">
  <testcase name="headlessChrome" time="3.503" classname="seleniumSessions.HeadlessBrowser"/>
</testsuite> <!-- seleniumSessions.HeadlessBrowser -->
