<?xml version="1.0" encoding="UTF-8"?>
<!-- Generated by org.testng.reporters.JUnitReportReporter -->
<testsuite name="practice.StaleElementReferenceExceptionHandlings" tests="1" time="4.953" ignored="0" failures="0" timestamp="21 Oct 2021 09:57:30 GMT" skipped="0" hostname="LAPTOP-8B5VFCJA" errors="0">
  <testcase name="ListOfElements" time="4.953" classname="practice.StaleElementReferenceExceptionHandlings"/>
</testsuite> <!-- practice.StaleElementReferenceExceptionHandlings -->
