<?xml version="1.0" encoding="UTF-8"?>
<!-- Generated by org.testng.reporters.JUnitReportReporter -->
<testsuite name="sample.Prac" tests="1" time="0.019" ignored="0" failures="0" timestamp="08 Oct 2021 09:23:56 GMT" skipped="0" hostname="LAPTOP-8B5VFCJA" errors="0">
  <testcase name="execute" time="0.019" classname="sample.Prac"/>
</testsuite> <!-- sample.Prac -->
