<?xml version="1.0" encoding="UTF-8"?>
<!-- Generated by org.testng.reporters.JUnitReportReporter -->
<testsuite name="practice.Flipkart" tests="1" time="5.135" ignored="0" failures="0" timestamp="21 Oct 2021 09:23:29 GMT" skipped="0" hostname="LAPTOP-8B5VFCJA" errors="0">
  <testcase name="product" time="5.135" classname="practice.Flipkart"/>
</testsuite> <!-- practice.Flipkart -->
