<?xml version="1.0" encoding="UTF-8"?>
<!-- Generated by org.testng.reporters.JUnitReportReporter -->
<testsuite name="com.accenture.ACSF.XPath" tests="1" time="13.910" ignored="0" failures="0" timestamp="15 Jul 2021 04:30:23 GMT" skipped="0" hostname="LAPTOP-8B5VFCJA" errors="0">
  <testcase name="creatingXPath" time="13.910" classname="com.accenture.ACSF.XPath"/>
</testsuite> <!-- com.accenture.ACSF.XPath -->
