<?xml version="1.0" encoding="UTF-8"?>
<!-- Generated by org.testng.reporters.JUnitReportReporter -->
<testsuite name="javascriptExecutor.Border" tests="1" time="4.468" ignored="0" failures="0" timestamp="05 Aug 2021 13:37:50 GMT" skipped="0" hostname="LAPTOP-8B5VFCJA" errors="0">
  <testcase name="setup" time="4.468" classname="javascriptExecutor.Border"/>
</testsuite> <!-- javascriptExecutor.Border -->
