<?xml version="1.0" encoding="UTF-8"?>
<!-- Generated by org.testng.reporters.JUnitReportReporter -->
<testsuite name="practice.Revise" tests="1" time="0.017" ignored="0" failures="0" timestamp="23 Oct 2021 07:08:16 GMT" skipped="0" hostname="LAPTOP-8B5VFCJA" errors="0">
  <testcase name="noofduplicates" time="0.017" classname="practice.Revise"/>
</testsuite> <!-- practice.Revise -->
