<?xml version="1.0" encoding="UTF-8"?>
<!-- Generated by org.testng.reporters.JUnitReportReporter -->
<testsuite name="com.accenture.ACSF.Adhoc" tests="1" time="0.013" ignored="0" failures="0" timestamp="04 Sep 2021 07:45:01 GMT" skipped="0" hostname="LAPTOP-8B5VFCJA" errors="0">
  <testcase name="example" time="0.013" classname="com.accenture.ACSF.Adhoc"/>
</testsuite> <!-- com.accenture.ACSF.Adhoc -->
