<?xml version="1.0" encoding="UTF-8"?>
<!-- Generated by org.testng.reporters.JUnitReportReporter -->
<testsuite name="com.accenture.ACSF.MouseMovements" tests="1" time="19.240" ignored="0" failures="0" timestamp="12 Jul 2021 05:46:54 GMT" skipped="0" hostname="LAPTOP-8B5VFCJA" errors="0">
  <testcase name="pointer" time="19.240" classname="com.accenture.ACSF.MouseMovements"/>
</testsuite> <!-- com.accenture.ACSF.MouseMovements -->
