<?xml version="1.0" encoding="UTF-8"?>
<!-- Generated by org.testng.reporters.JUnitReportReporter -->
<testsuite name="seleniumSessions.AlertsPopupsFrames" tests="1" time="9.585" ignored="0" failures="0" timestamp="03 Sep 2021 07:19:26 GMT" skipped="0" hostname="LAPTOP-8B5VFCJA" errors="0">
  <testcase name="popup" time="9.585" classname="seleniumSessions.AlertsPopupsFrames"/>
</testsuite> <!-- seleniumSessions.AlertsPopupsFrames -->
