<?xml version="1.0" encoding="UTF-8"?>
<!-- Generated by org.testng.reporters.JUnitReportReporter -->
<testsuite name="sample.Example" tests="1" time="0.010" ignored="0" failures="0" timestamp="14 Oct 2021 05:04:20 GMT" skipped="0" hostname="LAPTOP-8B5VFCJA" errors="0">
  <testcase name="flu" time="0.010" classname="sample.Example"/>
</testsuite> <!-- sample.Example -->
