<?xml version="1.0" encoding="UTF-8"?>
<!-- Generated by org.testng.reporters.JUnitReportReporter -->
<testsuite name="string.ClassA" tests="3" time="0.021" ignored="0" failures="0" timestamp="01 Sep 2021 13:45:44 GMT" skipped="0" hostname="LAPTOP-8B5VFCJA" errors="0">
  <testcase name="cdexample2" time="0.015" classname="string.ClassA"/>
  <testcase name="cexample3" time="0.004" classname="string.ClassA"/>
  <testcase name="example1" time="0.002" classname="string.ClassA"/>
</testsuite> <!-- string.ClassA -->
