<?xml version="1.0" encoding="UTF-8"?>
<!-- Generated by org.testng.reporters.JUnitReportReporter -->
<testsuite name="seleniumSessions.DynamicTableCustomiseXPath" tests="1" time="3.736" ignored="0" failures="0" timestamp="20 Jul 2021 08:31:38 GMT" skipped="0" hostname="LAPTOP-8B5VFCJA" errors="0">
  <testcase name="ParentXpath" time="3.736" classname="seleniumSessions.DynamicTableCustomiseXPath"/>
</testsuite> <!-- seleniumSessions.DynamicTableCustomiseXPath -->
