<?xml version="1.0" encoding="UTF-8"?>
<!-- Generated by org.testng.reporters.JUnitReportReporter -->
<testsuite name="string.StringExamples" tests="2" time="0.017" ignored="0" failures="0" timestamp="01 Sep 2021 13:43:51 GMT" skipped="0" hostname="LAPTOP-8B5VFCJA" errors="0">
  <testcase name="example1" time="0.016" classname="string.StringExamples"/>
  <testcase name="example2" time="0.001" classname="string.StringExamples"/>
</testsuite> <!-- string.StringExamples -->
